[   INFO]: Send GET request to http://jjjsonplaceholder.typicode.com/posts/79
[  ERROR]: <GET> request Faild.
           HTTPConnectionPool(host='jjjsonplaceholder.typicode.com', port=80): Max retries exceeded with url: /posts/79 (Caused by NewConnectionError('<urllib3.connection.HTTPConnection object at 0x000000000355CD90>: Failed to establish a new connection: [Errno 11004] getaddrinfo failed'))
[   INFO]: Send GET request to http://jsonplaceholder.typicode.com/posts/79
[   INFO]: Got response 200 OK from http://jsonplaceholder.typicode.com/posts/79 in 5.083742 seconds
[   INFO]: Send GET request to http://jsonplaceholder.typicode.com/posts/79
[   INFO]: Got response 200 OK from http://jsonplaceholder.typicode.com/posts/79 in 3.142218 seconds
[   INFO]: Send GET request to None
[   INFO]: Send GET request to None
[   INFO]: Send GET request to None
[  ERROR]: URL None is invalid
[   INFO]: Send GET request to None
[  ERROR]: Rest API Client: error: the following arguments are required: -e/--endpoint
[   INFO]: Send POST request to https://reqres.in/api/users
[   INFO]: Send POST request to https://reqres.in/api/users
[   INFO]: Send POST request to https://reqres.in/api/users
[   INFO]: Send POST request to https://reqres.in/api/users
[   INFO]: Send POST request to https://reqres.in/api/users
[   INFO]: Got response 201 Created from https://reqres.in/api/users in 0.408837 seconds
[   INFO]: Send POST request to {@endpoint}
[  ERROR]: URL {@endpoint} is invalid
[   INFO]: Send POST request to https://reqres.in/api/users
[   INFO]: Got response 201 Created from https://reqres.in/api/users in 0.399988 seconds
[   INFO]: Send POST request to https://reqres.in/api/users
[   INFO]: Got response 201 Created from https://reqres.in/api/users in 0.655744 seconds
[   INFO]: Send POST request to https://rrrreqres.in/api/users
[  ERROR]: <POST> request Faild.
           HTTPSConnectionPool(host='rrrreqres.in', port=443): Max retries exceeded with url: /api/users (Caused by NewConnectionError('<urllib3.connection.HTTPSConnection object at 0x00000000035B71F0>: Failed to establish a new connection: [Errno 11004] getaddrinfo failed'))
[   INFO]: Send POST request to httpsf://reqres.in/api/users
[  ERROR]: URL httpsf://reqres.in/api/users is invalid
[   INFO]: Send GET request to http://jsonplaceholder.typicode.com/posts/79
[   INFO]: Got response 200 OK from http://jsonplaceholder.typicode.com/posts/79 in 0.196109 seconds
[   INFO]: Send GET request to http://jsonplaceholder.typicode.com/posts/79
[   INFO]: Got response 200 OK from http://jsonplaceholder.typicode.com/posts/79 in 0.210503 seconds
[   INFO]: Send GET request to http://jsonplaceholder.typicode.com/posts/79
[   INFO]: Got response 200 OK from http://jsonplaceholder.typicode.com/posts/79 in 2.941222 seconds
[   INFO]: Send GET request to http://jsonplaceholder.typicode.com/posts/79
[   INFO]: Got response 200 OK from http://jsonplaceholder.typicode.com/posts/79 in 0.12745 seconds
[   INFO]: Send GET request to http://jsonplaceholder.typicode.com/posts/79
[   INFO]: Got response 200 OK from http://jsonplaceholder.typicode.com/posts/79 in 0.21481 seconds
[   INFO]: Send GET request to http://jsonplaceholder.typicode.com/posts/79
[   INFO]: Got response 200 OK from http://jsonplaceholder.typicode.com/posts/79 in 0.198815 seconds
[   INFO]: Send GET request to http://jsonplaceholder.typicode.com/posts/79
[   INFO]: Got response 200 OK from http://jsonplaceholder.typicode.com/posts/79 in 0.281546 seconds
[   INFO]: Send GET request to http://jsonplaceholder.typicode.com/posts/79
[   INFO]: Got response 200 OK from http://jsonplaceholder.typicode.com/posts/79 in 0.191592 seconds
[   INFO]: Send GET request to http://jsonplaceholder.typicode.com/posts/79
[   INFO]: Got response 200 OK from http://jsonplaceholder.typicode.com/posts/79 in 0.273203 seconds
[   INFO]: Send GET request to http://jsonplaceholder.typicode.com/posts/79
[   INFO]: Got response 200 OK from http://jsonplaceholder.typicode.com/posts/79 in 0.271489 seconds
[   INFO]: Send GET request to http://jsonplaceholder.typicode.com/posts/79
[   INFO]: Send GET request to http://jsonplaceholder.typicode.com/posts/79
[   INFO]: Send GET request to http://jsonplaceholder.typicode.com/posts/79
[  DEBUG]: Request obj created with params {'body': None, 'params': None, 'headers': {'user-agent': 'my-app/0.0', 'Accept': 'application/json'}, 'endpoint': 'http://jsonplaceholder.typicode.com/posts/79', 'method': 'GET', 'auth': ['user', '123']}
[   INFO]: Send GET request to http://jsonplaceholder.typicode.com/posts/79
[  DEBUG]: count_rows (0,)
[  DEBUG]: Request obj created with params {'body': None, 'params': None, 'headers': {'user-agent': 'my-app/0.0', 'Accept': 'application/json'}, 'endpoint': 'http://jsonplaceholder.typicode.com/posts/79', 'method': 'GET', 'auth': ['user', '123']}
[   INFO]: Send GET request to http://jsonplaceholder.typicode.com/posts/79
[  DEBUG]: count_rows (0,)
[  DEBUG]: Request obj created with params {'body': None, 'params': None, 'headers': {'user-agent': 'my-app/0.0', 'Accept': 'application/json'}, 'endpoint': 'http://jsonplaceholder.typicode.com/posts/79', 'method': 'GET', 'auth': ['user', '123']}
[   INFO]: Send GET request to http://jsonplaceholder.typicode.com/posts/79
[  DEBUG]: count_rows (0,)
[  DEBUG]: Request obj created with params {'body': None, 'params': None, 'headers': {'user-agent': 'my-app/0.0', 'Accept': 'application/json'}, 'endpoint': 'http://jsonplaceholder.typicode.com/posts/79', 'method': 'GET', 'auth': ['user', '123']}
[   INFO]: Send GET request to http://jsonplaceholder.typicode.com/posts/79
[  DEBUG]: count_rows (0,)
[   INFO]: Send GET request to http://jsonplaceholder.typicode.com/posts/79
[   INFO]: Send GET request to http://jsonplaceholder.typicode.com/posts/79
[   INFO]: Send GET request to http://jsonplaceholder.typicode.com/posts/79
[   INFO]: Send GET request to http://jsonplaceholder.typicode.com/posts/79
[   INFO]: Send GET request to http://jsonplaceholder.typicode.com/posts/79
[   INFO]: Send GET request to http://jsonplaceholder.typicode.com/posts/79
[   INFO]: Send GET request to http://jsonplaceholder.typicode.com/posts/79
[   INFO]: Send GET request to http://jsonplaceholder.typicode.com/posts/79
[   INFO]: Send GET request to http://jsonplaceholder.typicode.com/posts/79
[   INFO]: Send GET request to http://jsonplaceholder.typicode.com/posts/79
[   INFO]: Send GET request to http://jsonplaceholder.typicode.com/posts/79
[   INFO]: Send GET request to http://jsonplaceholder.typicode.com/posts/79
[   INFO]: Send GET request to http://jsonplaceholder.typicode.com/posts/79
[   INFO]: Send GET request to http://jsonplaceholder.typicode.com/posts/79
[   INFO]: Send GET request to http://jsonplaceholder.typicode.com/posts/79
[   INFO]: Got response 200 OK from http://jsonplaceholder.typicode.com/posts/79 in 0.32493 seconds
[   INFO]: Send GET request to http://jsonplaceholder.typicode.com/posts/79
[   INFO]: Send GET request to http://jsonplaceholder.typicode.com/posts/79
[   INFO]: Send GET request to None
[  ERROR]: <GET> request Faild.
           Invalid URL 'None': No schema supplied. Perhaps you meant http://None?
[   INFO]: Send GET request to httpp://jsonplaceholder.typicode.com/posts/79
[  ERROR]: <GET> request Faild.
           No connection adapters were found for 'httpp://jsonplaceholder.typicode.com/posts/79'
[  ERROR]: URL httpp://jsonplaceholder.typicode.com/posts/79 is invalid
[  ERROR]: Rest API Client: error: the following arguments are required: -e/--endpoint
[  ERROR]: Rest API Client: error: the following arguments are required: -e/--endpoint
